# JRE version: OpenJDK Runtime Environment (17.0.7) (build 17.0.7+0-b2043.56-10550314)
# Java VM: OpenJDK 64-Bit Server VM (17.0.7+0-b2043.56-10550314, mixed mode, tiered, compressed oops, compressed class ptrs, g1 gc, windows-amd64)
GC Precious Log:
 CPUs: 8 total, 8 available
 Memory: 8101M
 Large Page Support: Disabled
 NUMA Support: Disabled
 Compressed Oops: Enabled (32-bit)
 Heap Region Size: 1M
 Heap Min Capacity: 8M
 Heap Initial Capacity: 128M
 Heap Max Capacity: 2G
 Pre-touch: Disabled
 Parallel Workers: 8
 Concurrent Workers: 2
 Concurrent Refinement Workers: 8
 Periodic GC: Disabled
Heap:
 garbage-first heap   total 437248K, used 327501K [0x0000000080000000, 0x0000000100000000)
  region size 1024K, 83 young (84992K), 15 survivors (15360K)
 Metaspace       used 169562K, committed 170624K, reserved 1245184K
  class space    used 22218K, committed 22720K, reserved 1048576K
GC Heap History (20 events):
Event: 21.813 GC heap before
{Heap before GC invocations=46 (full 0):
 garbage-first heap   total 361472K, used 279238K [0x0000000080000000, 0x0000000100000000)
  region size 1024K, 110 young (112640K), 16 survivors (16384K)
 Metaspace       used 142166K, committed 143040K, reserved 1179648K
  class space    used 18466K, committed 18880K, reserved 1048576K
}
Event: 21.829 GC heap after
{Heap after GC invocations=47 (full 0):
 garbage-first heap   total 361472K, used 192896K [0x0000000080000000, 0x0000000100000000)
  region size 1024K, 10 young (10240K), 10 survivors (10240K)
 Metaspace       used 142166K, committed 143040K, reserved 1179648K
  class space    used 18466K, committed 18880K, reserved 1048576K
}
Event: 23.046 GC heap before
{Heap before GC invocations=47 (full 0):
 garbage-first heap   total 361472K, used 284032K [0x0000000080000000, 0x0000000100000000)
  region size 1024K, 99 young (101376K), 10 survivors (10240K)
 Metaspace       used 147271K, committed 148160K, reserved 1179648K
  class space    used 19132K, committed 19520K, reserved 1048576K
}
Event: 23.056 GC heap after
{Heap after GC invocations=48 (full 0):
 garbage-first heap   total 361472K, used 200960K [0x0000000080000000, 0x0000000100000000)
  region size 1024K, 8 young (8192K), 8 survivors (8192K)
 Metaspace       used 147271K, committed 148160K, reserved 1179648K
  class space    used 19132K, committed 19520K, reserved 1048576K
}
Event: 24.214 GC heap before
{Heap before GC invocations=48 (full 0):
 garbage-first heap   total 361472K, used 310528K [0x0000000080000000, 0x0000000100000000)
  region size 1024K, 95 young (97280K), 8 survivors (8192K)
 Metaspace       used 153981K, committed 154816K, reserved 1245184K
  class space    used 20229K, committed 20608K, reserved 1048576K
}
Event: 24.224 GC heap after
{Heap after GC invocations=49 (full 0):
 garbage-first heap   total 361472K, used 224238K [0x0000000080000000, 0x0000000100000000)
  region size 1024K, 9 young (9216K), 9 survivors (9216K)
 Metaspace       used 153981K, committed 154816K, reserved 1245184K
  class space    used 20229K, committed 20608K, reserved 1048576K
}
Event: 25.013 GC heap before
{Heap before GC invocations=49 (full 0):
 garbage-first heap   total 361472K, used 301038K [0x0000000080000000, 0x0000000100000000)
  region size 1024K, 80 young (81920K), 9 survivors (9216K)
 Metaspace       used 157648K, committed 158528K, reserved 1245184K
  class space    used 20768K, committed 21184K, reserved 1048576K
}
Event: 25.024 GC heap after
{Heap after GC invocations=50 (full 0):
 garbage-first heap   total 361472K, used 238708K [0x0000000080000000, 0x0000000100000000)
  region size 1024K, 10 young (10240K), 10 survivors (10240K)
 Metaspace       used 157648K, committed 158528K, reserved 1245184K
  class space    used 20768K, committed 21184K, reserved 1048576K
}
Event: 25.604 GC heap before
{Heap before GC invocations=51 (full 0):
 garbage-first heap   total 437248K, used 288884K [0x0000000080000000, 0x0000000100000000)
  region size 1024K, 69 young (70656K), 10 survivors (10240K)
 Metaspace       used 157667K, committed 158592K, reserved 1245184K
  class space    used 20768K, committed 21184K, reserved 1048576K
}
Event: 25.619 GC heap after
{Heap after GC invocations=52 (full 0):
 garbage-first heap   total 437248K, used 239861K [0x0000000080000000, 0x0000000100000000)
  region size 1024K, 9 young (9216K), 9 survivors (9216K)
 Metaspace       used 157667K, committed 158592K, reserved 1245184K
  class space    used 20768K, committed 21184K, reserved 1048576K
}
Event: 25.780 GC heap before
{Heap before GC invocations=52 (full 0):
 garbage-first heap   total 437248K, used 251125K [0x0000000080000000, 0x0000000100000000)
  region size 1024K, 21 young (21504K), 9 survivors (9216K)
 Metaspace       used 157669K, committed 158592K, reserved 1245184K
  class space    used 20768K, committed 21184K, reserved 1048576K
}
Event: 25.786 GC heap after
{Heap after GC invocations=53 (full 0):
 garbage-first heap   total 437248K, used 235098K [0x0000000080000000, 0x0000000100000000)
  region size 1024K, 3 young (3072K), 3 survivors (3072K)
 Metaspace       used 157669K, committed 158592K, reserved 1245184K
  class space    used 20768K, committed 21184K, reserved 1048576K
}
Event: 27.073 GC heap before
{Heap before GC invocations=53 (full 0):
 garbage-first heap   total 437248K, used 339546K [0x0000000080000000, 0x0000000100000000)
  region size 1024K, 105 young (107520K), 3 survivors (3072K)
 Metaspace       used 157670K, committed 158592K, reserved 1245184K
  class space    used 20768K, committed 21184K, reserved 1048576K
}
Event: 27.077 GC heap after
{Heap after GC invocations=54 (full 0):
 garbage-first heap   total 437248K, used 238370K [0x0000000080000000, 0x0000000100000000)
  region size 1024K, 7 young (7168K), 7 survivors (7168K)
 Metaspace       used 157670K, committed 158592K, reserved 1245184K
  class space    used 20768K, committed 21184K, reserved 1048576K
}
Event: 28.766 GC heap before
{Heap before GC invocations=54 (full 0):
 garbage-first heap   total 437248K, used 345890K [0x0000000080000000, 0x0000000100000000)
  region size 1024K, 112 young (114688K), 7 survivors (7168K)
 Metaspace       used 157671K, committed 158592K, reserved 1245184K
  class space    used 20768K, committed 21184K, reserved 1048576K
}
Event: 28.772 GC heap after
{Heap after GC invocations=55 (full 0):
 garbage-first heap   total 437248K, used 241376K [0x0000000080000000, 0x0000000100000000)
  region size 1024K, 10 young (10240K), 10 survivors (10240K)
 Metaspace       used 157671K, committed 158592K, reserved 1245184K
  class space    used 20768K, committed 21184K, reserved 1048576K
}
Event: 30.074 GC heap before
{Heap before GC invocations=55 (full 0):
 garbage-first heap   total 437248K, used 351968K [0x0000000080000000, 0x0000000100000000)
  region size 1024K, 118 young (120832K), 10 survivors (10240K)
 Metaspace       used 157672K, committed 158592K, reserved 1245184K
  class space    used 20768K, committed 21184K, reserved 1048576K
}
Event: 30.080 GC heap after
{Heap after GC invocations=56 (full 0):
 garbage-first heap   total 437248K, used 245375K [0x0000000080000000, 0x0000000100000000)
  region size 1024K, 10 young (10240K), 10 survivors (10240K)
 Metaspace       used 157672K, committed 158592K, reserved 1245184K
  class space    used 20768K, committed 21184K, reserved 1048576K
}
Event: 32.957 GC heap before
{Heap before GC invocations=56 (full 0):
 garbage-first heap   total 437248K, used 374399K [0x0000000080000000, 0x0000000100000000)
  region size 1024K, 119 young (121856K), 10 survivors (10240K)
 Metaspace       used 162484K, committed 163392K, reserved 1245184K
  class space    used 21365K, committed 21824K, reserved 1048576K
}
Event: 32.969 GC heap after
{Heap after GC invocations=57 (full 0):
 garbage-first heap   total 437248K, used 254797K [0x0000000080000000, 0x0000000100000000)
  region size 1024K, 15 young (15360K), 15 survivors (15360K)
 Metaspace       used 162484K, committed 163392K, reserved 1245184K
  class space    used 21365K, committed 21824K, reserved 1048576K
}

