# JRE version: OpenJDK Runtime Environment (17.0.7) (build 17.0.7+0-b2043.56-10550314)
# Java VM: OpenJDK 64-Bit Server VM (17.0.7+0-b2043.56-10550314, mixed mode, tiered, compressed oops, compressed class ptrs, g1 gc, windows-amd64)
GC Precious Log:
 CPUs: 8 total, 8 available
 Memory: 8101M
 Large Page Support: Disabled
 NUMA Support: Disabled
 Compressed Oops: Enabled (32-bit)
 Heap Region Size: 1M
 Heap Min Capacity: 8M
 Heap Initial Capacity: 128M
 Heap Max Capacity: 2G
 Pre-touch: Disabled
 Parallel Workers: 8
 Concurrent Workers: 2
 Concurrent Refinement Workers: 8
 Periodic GC: Disabled
Heap:
 garbage-first heap   total 249856K, used 162855K [0x0000000080000000, 0x0000000100000000)
  region size 1024K, 5 young (5120K), 5 survivors (5120K)
 Metaspace       used 105501K, committed 106240K, reserved 1179648K
  class space    used 14487K, committed 14848K, reserved 1048576K
GC Heap History (20 events):
Event: 15.001 GC heap after
{Heap after GC invocations=45 (full 0):
 garbage-first heap   total 216064K, used 105251K [0x0000000080000000, 0x0000000100000000)
  region size 1024K, 7 young (7168K), 7 survivors (7168K)
 Metaspace       used 81523K, committed 82304K, reserved 1179648K
  class space    used 11412K, committed 11776K, reserved 1048576K
}
Event: 15.053 GC heap before
{Heap before GC invocations=45 (full 0):
 garbage-first heap   total 216064K, used 107299K [0x0000000080000000, 0x0000000100000000)
  region size 1024K, 10 young (10240K), 7 survivors (7168K)
 Metaspace       used 81795K, committed 82496K, reserved 1179648K
  class space    used 11438K, committed 11776K, reserved 1048576K
}
Event: 15.058 GC heap after
{Heap after GC invocations=46 (full 0):
 garbage-first heap   total 216064K, used 105366K [0x0000000080000000, 0x0000000100000000)
  region size 1024K, 1 young (1024K), 1 survivors (1024K)
 Metaspace       used 81795K, committed 82496K, reserved 1179648K
  class space    used 11438K, committed 11776K, reserved 1048576K
}
Event: 15.302 GC heap before
{Heap before GC invocations=46 (full 0):
 garbage-first heap   total 216064K, used 119702K [0x0000000080000000, 0x0000000100000000)
  region size 1024K, 16 young (16384K), 1 survivors (1024K)
 Metaspace       used 83041K, committed 83840K, reserved 1179648K
  class space    used 11650K, committed 12032K, reserved 1048576K
}
Event: 15.304 GC heap after
{Heap after GC invocations=47 (full 0):
 garbage-first heap   total 216064K, used 105340K [0x0000000080000000, 0x0000000100000000)
  region size 1024K, 1 young (1024K), 1 survivors (1024K)
 Metaspace       used 83041K, committed 83840K, reserved 1179648K
  class space    used 11650K, committed 12032K, reserved 1048576K
}
Event: 16.110 GC heap before
{Heap before GC invocations=48 (full 0):
 garbage-first heap   total 216064K, used 173948K [0x0000000080000000, 0x0000000100000000)
  region size 1024K, 64 young (65536K), 1 survivors (1024K)
 Metaspace       used 89201K, committed 89920K, reserved 1179648K
  class space    used 12497K, committed 12864K, reserved 1048576K
}
Event: 16.115 GC heap after
{Heap after GC invocations=49 (full 0):
 garbage-first heap   total 216064K, used 113161K [0x0000000080000000, 0x0000000100000000)
  region size 1024K, 5 young (5120K), 5 survivors (5120K)
 Metaspace       used 89201K, committed 89920K, reserved 1179648K
  class space    used 12497K, committed 12864K, reserved 1048576K
}
Event: 16.933 GC heap before
{Heap before GC invocations=49 (full 0):
 garbage-first heap   total 216064K, used 171529K [0x0000000080000000, 0x0000000100000000)
  region size 1024K, 63 young (64512K), 5 survivors (5120K)
 Metaspace       used 92986K, committed 93696K, reserved 1179648K
  class space    used 12969K, committed 13312K, reserved 1048576K
}
Event: 16.939 GC heap after
{Heap after GC invocations=50 (full 0):
 garbage-first heap   total 216064K, used 118195K [0x0000000080000000, 0x0000000100000000)
  region size 1024K, 8 young (8192K), 8 survivors (8192K)
 Metaspace       used 92986K, committed 93696K, reserved 1179648K
  class space    used 12969K, committed 13312K, reserved 1048576K
}
Event: 17.775 GC heap before
{Heap before GC invocations=51 (full 0):
 garbage-first heap   total 216064K, used 177587K [0x0000000080000000, 0x0000000100000000)
  region size 1024K, 62 young (63488K), 8 survivors (8192K)
 Metaspace       used 100710K, committed 101504K, reserved 1179648K
  class space    used 13951K, committed 14336K, reserved 1048576K
}
Event: 17.782 GC heap after
{Heap after GC invocations=52 (full 0):
 garbage-first heap   total 216064K, used 124079K [0x0000000080000000, 0x0000000100000000)
  region size 1024K, 2 young (2048K), 2 survivors (2048K)
 Metaspace       used 100710K, committed 101504K, reserved 1179648K
  class space    used 13951K, committed 14336K, reserved 1048576K
}
Event: 17.836 GC heap before
{Heap before GC invocations=52 (full 0):
 garbage-first heap   total 216064K, used 139439K [0x0000000080000000, 0x0000000100000000)
  region size 1024K, 10 young (10240K), 2 survivors (2048K)
 Metaspace       used 100914K, committed 101696K, reserved 1179648K
  class space    used 13973K, committed 14336K, reserved 1048576K
}
Event: 17.840 GC heap after
{Heap after GC invocations=53 (full 0):
 garbage-first heap   total 216064K, used 132394K [0x0000000080000000, 0x0000000100000000)
  region size 1024K, 2 young (2048K), 2 survivors (2048K)
 Metaspace       used 100914K, committed 101696K, reserved 1179648K
  class space    used 13973K, committed 14336K, reserved 1048576K
}
Event: 18.039 GC heap before
{Heap before GC invocations=53 (full 0):
 garbage-first heap   total 216064K, used 176426K [0x0000000080000000, 0x0000000100000000)
  region size 1024K, 46 young (47104K), 2 survivors (2048K)
 Metaspace       used 101080K, committed 101824K, reserved 1179648K
  class space    used 13979K, committed 14336K, reserved 1048576K
}
Event: 18.051 GC heap after
{Heap after GC invocations=54 (full 0):
 garbage-first heap   total 216064K, used 138832K [0x0000000080000000, 0x0000000100000000)
  region size 1024K, 6 young (6144K), 6 survivors (6144K)
 Metaspace       used 101080K, committed 101824K, reserved 1179648K
  class space    used 13979K, committed 14336K, reserved 1048576K
}
Event: 18.245 GC heap before
{Heap before GC invocations=55 (full 0):
 garbage-first heap   total 249856K, used 173648K [0x0000000080000000, 0x0000000100000000)
  region size 1024K, 40 young (40960K), 6 survivors (6144K)
 Metaspace       used 101087K, committed 101888K, reserved 1179648K
  class space    used 13979K, committed 14336K, reserved 1048576K
}
Event: 18.261 GC heap after
{Heap after GC invocations=56 (full 0):
 garbage-first heap   total 249856K, used 150459K [0x0000000080000000, 0x0000000100000000)
  region size 1024K, 5 young (5120K), 5 survivors (5120K)
 Metaspace       used 101087K, committed 101888K, reserved 1179648K
  class space    used 13979K, committed 14336K, reserved 1048576K
}
Event: 18.325 GC heap before
{Heap before GC invocations=56 (full 0):
 garbage-first heap   total 249856K, used 156603K [0x0000000080000000, 0x0000000100000000)
  region size 1024K, 12 young (12288K), 5 survivors (5120K)
 Metaspace       used 101262K, committed 102080K, reserved 1179648K
  class space    used 14004K, committed 14400K, reserved 1048576K
}
Event: 18.330 GC heap after
{Heap after GC invocations=57 (full 0):
 garbage-first heap   total 249856K, used 152273K [0x0000000080000000, 0x0000000100000000)
  region size 1024K, 1 young (1024K), 1 survivors (1024K)
 Metaspace       used 101262K, committed 102080K, reserved 1179648K
  class space    used 14004K, committed 14400K, reserved 1048576K
}
Event: 18.913 GC heap before
{Heap before GC invocations=57 (full 0):
 garbage-first heap   total 249856K, used 204497K [0x0000000080000000, 0x0000000100000000)
  region size 1024K, 45 young (46080K), 1 survivors (1024K)
 Metaspace       used 105501K, committed 106240K, reserved 1179648K
  class space    used 14487K, committed 14848K, reserved 1048576K
}

