# JRE version: OpenJDK Runtime Environment (17.0.7) (build 17.0.7+0-b2043.56-10550314)
# Java VM: OpenJDK 64-Bit Server VM (17.0.7+0-b2043.56-10550314, mixed mode, tiered, compressed oops, compressed class ptrs, g1 gc, windows-amd64)
GC Precious Log:
 CPUs: 8 total, 8 available
 Memory: 8101M
 Large Page Support: Disabled
 NUMA Support: Disabled
 Compressed Oops: Enabled (32-bit)
 Heap Region Size: 1M
 Heap Min Capacity: 8M
 Heap Initial Capacity: 128M
 Heap Max Capacity: 2G
 Pre-touch: Disabled
 Parallel Workers: 8
 Concurrent Workers: 2
 Concurrent Refinement Workers: 8
 Periodic GC: Disabled
Heap:
 garbage-first heap   total 329728K, used 285696K [0x0000000080000000, 0x0000000100000000)
  region size 1024K, 2 young (2048K), 2 survivors (2048K)
 Metaspace       used 121180K, committed 121984K, reserved 1179648K
  class space    used 16274K, committed 16640K, reserved 1048576K
GC Heap History (20 events):
Event: 22.594 GC heap after
{Heap after GC invocations=43 (full 0):
 garbage-first heap   total 216064K, used 137807K [0x0000000080000000, 0x0000000100000000)
  region size 1024K, 4 young (4096K), 4 survivors (4096K)
 Metaspace       used 109560K, committed 110336K, reserved 1179648K
  class space    used 14937K, committed 15360K, reserved 1048576K
}
Event: 23.429 GC heap before
{Heap before GC invocations=44 (full 0):
 garbage-first heap   total 242688K, used 178767K [0x0000000080000000, 0x0000000100000000)
  region size 1024K, 42 young (43008K), 4 survivors (4096K)
 Metaspace       used 112861K, committed 113664K, reserved 1179648K
  class space    used 15188K, committed 15616K, reserved 1048576K
}
Event: 23.437 GC heap after
{Heap after GC invocations=45 (full 0):
 garbage-first heap   total 242688K, used 145408K [0x0000000080000000, 0x0000000100000000)
  region size 1024K, 6 young (6144K), 6 survivors (6144K)
 Metaspace       used 112861K, committed 113664K, reserved 1179648K
  class space    used 15188K, committed 15616K, reserved 1048576K
}
Event: 23.523 GC heap before
{Heap before GC invocations=45 (full 0):
 garbage-first heap   total 242688K, used 149504K [0x0000000080000000, 0x0000000100000000)
  region size 1024K, 11 young (11264K), 6 survivors (6144K)
 Metaspace       used 113979K, committed 114816K, reserved 1179648K
  class space    used 15332K, committed 15744K, reserved 1048576K
}
Event: 23.529 GC heap after
{Heap after GC invocations=46 (full 0):
 garbage-first heap   total 242688K, used 143120K [0x0000000080000000, 0x0000000100000000)
  region size 1024K, 1 young (1024K), 1 survivors (1024K)
 Metaspace       used 113979K, committed 114816K, reserved 1179648K
  class space    used 15332K, committed 15744K, reserved 1048576K
}
Event: 24.159 GC heap before
{Heap before GC invocations=46 (full 0):
 garbage-first heap   total 242688K, used 198416K [0x0000000080000000, 0x0000000100000000)
  region size 1024K, 55 young (56320K), 1 survivors (1024K)
 Metaspace       used 115613K, committed 116416K, reserved 1179648K
  class space    used 15552K, committed 15936K, reserved 1048576K
}
Event: 24.181 GC heap after
{Heap after GC invocations=47 (full 0):
 garbage-first heap   total 243712K, used 186494K [0x0000000080000000, 0x0000000100000000)
  region size 1024K, 7 young (7168K), 7 survivors (7168K)
 Metaspace       used 115613K, committed 116416K, reserved 1179648K
  class space    used 15552K, committed 15936K, reserved 1048576K
}
Event: 24.336 GC heap before
{Heap before GC invocations=47 (full 0):
 garbage-first heap   total 243712K, used 199806K [0x0000000080000000, 0x0000000100000000)
  region size 1024K, 20 young (20480K), 7 survivors (7168K)
 Metaspace       used 116147K, committed 116928K, reserved 1179648K
  class space    used 15616K, committed 16000K, reserved 1048576K
}
Event: 24.348 GC heap after
{Heap after GC invocations=48 (full 0):
 garbage-first heap   total 292864K, used 196096K [0x0000000080000000, 0x0000000100000000)
  region size 1024K, 3 young (3072K), 3 survivors (3072K)
 Metaspace       used 116147K, committed 116928K, reserved 1179648K
  class space    used 15616K, committed 16000K, reserved 1048576K
}
Event: 24.907 GC heap before
{Heap before GC invocations=49 (full 0):
 garbage-first heap   total 329728K, used 224768K [0x0000000080000000, 0x0000000100000000)
  region size 1024K, 29 young (29696K), 3 survivors (3072K)
 Metaspace       used 119700K, committed 120448K, reserved 1179648K
  class space    used 16154K, committed 16512K, reserved 1048576K
}
Event: 24.914 GC heap after
{Heap after GC invocations=50 (full 0):
 garbage-first heap   total 329728K, used 203151K [0x0000000080000000, 0x0000000100000000)
  region size 1024K, 4 young (4096K), 4 survivors (4096K)
 Metaspace       used 119700K, committed 120448K, reserved 1179648K
  class space    used 16154K, committed 16512K, reserved 1048576K
}
Event: 25.147 GC heap before
{Heap before GC invocations=50 (full 0):
 garbage-first heap   total 329728K, used 217487K [0x0000000080000000, 0x0000000100000000)
  region size 1024K, 16 young (16384K), 4 survivors (4096K)
 Metaspace       used 120759K, committed 121536K, reserved 1179648K
  class space    used 16260K, committed 16640K, reserved 1048576K
}
Event: 25.153 GC heap after
{Heap after GC invocations=51 (full 0):
 garbage-first heap   total 329728K, used 203835K [0x0000000080000000, 0x0000000100000000)
  region size 1024K, 2 young (2048K), 2 survivors (2048K)
 Metaspace       used 120759K, committed 121536K, reserved 1179648K
  class space    used 16260K, committed 16640K, reserved 1048576K
}
Event: 25.436 GC heap before
{Heap before GC invocations=51 (full 0):
 garbage-first heap   total 329728K, used 247867K [0x0000000080000000, 0x0000000100000000)
  region size 1024K, 45 young (46080K), 2 survivors (2048K)
 Metaspace       used 121095K, committed 121856K, reserved 1179648K
  class space    used 16274K, committed 16640K, reserved 1048576K
}
Event: 25.455 GC heap after
{Heap after GC invocations=52 (full 0):
 garbage-first heap   total 329728K, used 241799K [0x0000000080000000, 0x0000000100000000)
  region size 1024K, 6 young (6144K), 6 survivors (6144K)
 Metaspace       used 121095K, committed 121856K, reserved 1179648K
  class space    used 16274K, committed 16640K, reserved 1048576K
}
Event: 25.521 GC heap before
{Heap before GC invocations=52 (full 0):
 garbage-first heap   total 329728K, used 261255K [0x0000000080000000, 0x0000000100000000)
  region size 1024K, 25 young (25600K), 6 survivors (6144K)
 Metaspace       used 121106K, committed 121856K, reserved 1179648K
  class space    used 16274K, committed 16640K, reserved 1048576K
}
Event: 25.537 GC heap after
{Heap after GC invocations=53 (full 0):
 garbage-first heap   total 329728K, used 258560K [0x0000000080000000, 0x0000000100000000)
  region size 1024K, 4 young (4096K), 4 survivors (4096K)
 Metaspace       used 121106K, committed 121856K, reserved 1179648K
  class space    used 16274K, committed 16640K, reserved 1048576K
}
Event: 25.625 GC heap before
{Heap before GC invocations=53 (full 0):
 garbage-first heap   total 329728K, used 269824K [0x0000000080000000, 0x0000000100000000)
  region size 1024K, 16 young (16384K), 4 survivors (4096K)
 Metaspace       used 121180K, committed 121984K, reserved 1179648K
  class space    used 16274K, committed 16640K, reserved 1048576K
}
Event: 25.634 GC heap after
{Heap after GC invocations=54 (full 0):
 garbage-first heap   total 329728K, used 270271K [0x0000000080000000, 0x0000000100000000)
  region size 1024K, 2 young (2048K), 2 survivors (2048K)
 Metaspace       used 121180K, committed 121984K, reserved 1179648K
  class space    used 16274K, committed 16640K, reserved 1048576K
}
Event: 25.688 GC heap before
{Heap before GC invocations=54 (full 0):
 garbage-first heap   total 329728K, used 284607K [0x0000000080000000, 0x0000000100000000)
  region size 1024K, 16 young (16384K), 2 survivors (2048K)
 Metaspace       used 121180K, committed 121984K, reserved 1179648K
  class space    used 16274K, committed 16640K, reserved 1048576K
}

