# JRE version: OpenJDK Runtime Environment (17.0.7) (build 17.0.7+0-b2043.56-10550314)
# Java VM: OpenJDK 64-Bit Server VM (17.0.7+0-b2043.56-10550314, mixed mode, tiered, compressed oops, compressed class ptrs, g1 gc, windows-amd64)
GC Precious Log:
 CPUs: 8 total, 8 available
 Memory: 8101M
 Large Page Support: Disabled
 NUMA Support: Disabled
 Compressed Oops: Enabled (32-bit)
 Heap Region Size: 1M
 Heap Min Capacity: 8M
 Heap Initial Capacity: 128M
 Heap Max Capacity: 2G
 Pre-touch: Disabled
 Parallel Workers: 8
 Concurrent Workers: 2
 Concurrent Refinement Workers: 8
 Periodic GC: Disabled
Heap:
 garbage-first heap   total 82944K, used 36676K [0x0000000080000000, 0x0000000100000000)
  region size 1024K, 7 young (7168K), 4 survivors (4096K)
 Metaspace       used 52974K, committed 53440K, reserved 1114112K
  class space    used 7153K, committed 7360K, reserved 1048576K
GC Heap History (20 events):
Event: 2.386 GC heap before
{Heap before GC invocations=1 (full 0):
 garbage-first heap   total 131072K, used 39104K [0x0000000080000000, 0x0000000100000000)
  region size 1024K, 30 young (30720K), 3 survivors (3072K)
 Metaspace       used 11440K, committed 11648K, reserved 1114112K
  class space    used 1196K, committed 1280K, reserved 1048576K
}
Event: 2.391 GC heap after
{Heap after GC invocations=2 (full 0):
 garbage-first heap   total 131072K, used 12840K [0x0000000080000000, 0x0000000100000000)
  region size 1024K, 2 young (2048K), 2 survivors (2048K)
 Metaspace       used 11440K, committed 11648K, reserved 1114112K
  class space    used 1196K, committed 1280K, reserved 1048576K
}
Event: 4.189 GC heap before
{Heap before GC invocations=2 (full 0):
 garbage-first heap   total 131072K, used 57896K [0x0000000080000000, 0x0000000100000000)
  region size 1024K, 47 young (48128K), 2 survivors (2048K)
 Metaspace       used 21315K, committed 21504K, reserved 1114112K
  class space    used 2577K, committed 2688K, reserved 1048576K
}
Event: 4.196 GC heap after
{Heap after GC invocations=3 (full 0):
 garbage-first heap   total 131072K, used 18862K [0x0000000080000000, 0x0000000100000000)
  region size 1024K, 8 young (8192K), 8 survivors (8192K)
 Metaspace       used 21315K, committed 21504K, reserved 1114112K
  class space    used 2577K, committed 2688K, reserved 1048576K
}
Event: 4.966 GC heap before
{Heap before GC invocations=4 (full 0):
 garbage-first heap   total 68608K, used 51630K [0x0000000080000000, 0x0000000100000000)
  region size 1024K, 40 young (40960K), 8 survivors (8192K)
 Metaspace       used 25964K, committed 26240K, reserved 1114112K
  class space    used 3396K, committed 3520K, reserved 1048576K
}
Event: 4.975 GC heap after
{Heap after GC invocations=5 (full 0):
 garbage-first heap   total 68608K, used 20614K [0x0000000080000000, 0x0000000100000000)
  region size 1024K, 2 young (2048K), 2 survivors (2048K)
 Metaspace       used 25964K, committed 26240K, reserved 1114112K
  class space    used 3396K, committed 3520K, reserved 1048576K
}
Event: 5.560 GC heap before
{Heap before GC invocations=5 (full 0):
 garbage-first heap   total 68608K, used 48262K [0x0000000080000000, 0x0000000100000000)
  region size 1024K, 29 young (29696K), 2 survivors (2048K)
 Metaspace       used 29791K, committed 30080K, reserved 1114112K
  class space    used 4013K, committed 4160K, reserved 1048576K
}
Event: 5.565 GC heap after
{Heap after GC invocations=6 (full 0):
 garbage-first heap   total 68608K, used 22095K [0x0000000080000000, 0x0000000100000000)
  region size 1024K, 4 young (4096K), 4 survivors (4096K)
 Metaspace       used 29791K, committed 30080K, reserved 1114112K
  class space    used 4013K, committed 4160K, reserved 1048576K
}
Event: 6.511 GC heap before
{Heap before GC invocations=6 (full 0):
 garbage-first heap   total 68608K, used 49743K [0x0000000080000000, 0x0000000100000000)
  region size 1024K, 31 young (31744K), 4 survivors (4096K)
 Metaspace       used 33416K, committed 33728K, reserved 1114112K
  class space    used 4596K, committed 4736K, reserved 1048576K
}
Event: 6.515 GC heap after
{Heap after GC invocations=7 (full 0):
 garbage-first heap   total 68608K, used 23112K [0x0000000080000000, 0x0000000100000000)
  region size 1024K, 3 young (3072K), 3 survivors (3072K)
 Metaspace       used 33416K, committed 33728K, reserved 1114112K
  class space    used 4596K, committed 4736K, reserved 1048576K
}
Event: 6.936 GC heap before
{Heap before GC invocations=7 (full 0):
 garbage-first heap   total 68608K, used 35400K [0x0000000080000000, 0x0000000100000000)
  region size 1024K, 16 young (16384K), 3 survivors (3072K)
 Metaspace       used 35620K, committed 35968K, reserved 1114112K
  class space    used 4942K, committed 5120K, reserved 1048576K
}
Event: 6.940 GC heap after
{Heap after GC invocations=8 (full 0):
 garbage-first heap   total 68608K, used 24405K [0x0000000080000000, 0x0000000100000000)
  region size 1024K, 3 young (3072K), 3 survivors (3072K)
 Metaspace       used 35620K, committed 35968K, reserved 1114112K
  class space    used 4942K, committed 5120K, reserved 1048576K
}
Event: 7.580 GC heap before
{Heap before GC invocations=9 (full 0):
 garbage-first heap   total 68608K, used 51029K [0x0000000080000000, 0x0000000100000000)
  region size 1024K, 30 young (30720K), 3 survivors (3072K)
 Metaspace       used 41147K, committed 41472K, reserved 1114112K
  class space    used 5478K, committed 5632K, reserved 1048576K
}
Event: 7.586 GC heap after
{Heap after GC invocations=10 (full 0):
 garbage-first heap   total 68608K, used 27763K [0x0000000080000000, 0x0000000100000000)
  region size 1024K, 4 young (4096K), 4 survivors (4096K)
 Metaspace       used 41147K, committed 41472K, reserved 1114112K
  class space    used 5478K, committed 5632K, reserved 1048576K
}
Event: 7.996 GC heap before
{Heap before GC invocations=10 (full 0):
 garbage-first heap   total 68608K, used 56435K [0x0000000080000000, 0x0000000100000000)
  region size 1024K, 28 young (28672K), 4 survivors (4096K)
 Metaspace       used 43276K, committed 43584K, reserved 1114112K
  class space    used 5678K, committed 5824K, reserved 1048576K
}
Event: 8.002 GC heap after
{Heap after GC invocations=11 (full 0):
 garbage-first heap   total 68608K, used 29936K [0x0000000080000000, 0x0000000100000000)
  region size 1024K, 3 young (3072K), 3 survivors (3072K)
 Metaspace       used 43276K, committed 43584K, reserved 1114112K
  class space    used 5678K, committed 5824K, reserved 1048576K
}
Event: 8.478 GC heap before
{Heap before GC invocations=11 (full 0):
 garbage-first heap   total 68608K, used 53488K [0x0000000080000000, 0x0000000100000000)
  region size 1024K, 25 young (25600K), 3 survivors (3072K)
 Metaspace       used 45240K, committed 45632K, reserved 1114112K
  class space    used 5873K, committed 6080K, reserved 1048576K
}
Event: 8.483 GC heap after
{Heap after GC invocations=12 (full 0):
 garbage-first heap   total 82944K, used 31424K [0x0000000080000000, 0x0000000100000000)
  region size 1024K, 2 young (2048K), 2 survivors (2048K)
 Metaspace       used 45240K, committed 45632K, reserved 1114112K
  class space    used 5873K, committed 6080K, reserved 1048576K
}
Event: 9.341 GC heap before
{Heap before GC invocations=12 (full 0):
 garbage-first heap   total 82944K, used 64192K [0x0000000080000000, 0x0000000100000000)
  region size 1024K, 34 young (34816K), 2 survivors (2048K)
 Metaspace       used 48980K, committed 49408K, reserved 1114112K
  class space    used 6533K, committed 6720K, reserved 1048576K
}
Event: 9.345 GC heap after
{Heap after GC invocations=13 (full 0):
 garbage-first heap   total 82944K, used 33282K [0x0000000080000000, 0x0000000100000000)
  region size 1024K, 4 young (4096K), 4 survivors (4096K)
 Metaspace       used 48980K, committed 49408K, reserved 1114112K
  class space    used 6533K, committed 6720K, reserved 1048576K
}

