# JRE version: OpenJDK Runtime Environment (17.0.7) (build 17.0.7+0-b2043.56-10550314)
# Java VM: OpenJDK 64-Bit Server VM (17.0.7+0-b2043.56-10550314, mixed mode, tiered, compressed oops, compressed class ptrs, g1 gc, windows-amd64)
GC Precious Log:
 CPUs: 8 total, 8 available
 Memory: 8101M
 Large Page Support: Disabled
 NUMA Support: Disabled
 Compressed Oops: Enabled (32-bit)
 Heap Region Size: 1M
 Heap Min Capacity: 8M
 Heap Initial Capacity: 128M
 Heap Max Capacity: 2G
 Pre-touch: Disabled
 Parallel Workers: 8
 Concurrent Workers: 2
 Concurrent Refinement Workers: 8
 Periodic GC: Disabled
Heap:
 garbage-first heap   total 112640K, used 75100K [0x0000000080000000, 0x0000000100000000)
  region size 1024K, 14 young (14336K), 3 survivors (3072K)
 Metaspace       used 50473K, committed 51008K, reserved 1114112K
  class space    used 6669K, committed 6912K, reserved 1048576K
GC Heap History (20 events):
Event: 4.884 GC heap before
{Heap before GC invocations=8 (full 0):
 garbage-first heap   total 68608K, used 44519K [0x0000000080000000, 0x0000000100000000)
  region size 1024K, 3 young (3072K), 2 survivors (2048K)
 Metaspace       used 29889K, committed 30272K, reserved 1114112K
  class space    used 4063K, committed 4224K, reserved 1048576K
}
Event: 4.886 GC heap after
{Heap after GC invocations=9 (full 0):
 garbage-first heap   total 103424K, used 44105K [0x0000000080000000, 0x0000000100000000)
  region size 1024K, 2 young (2048K), 2 survivors (2048K)
 Metaspace       used 29889K, committed 30272K, reserved 1114112K
  class space    used 4063K, committed 4224K, reserved 1048576K
}
Event: 5.787 GC heap before
{Heap before GC invocations=9 (full 0):
 garbage-first heap   total 103424K, used 79945K [0x0000000080000000, 0x0000000100000000)
  region size 1024K, 36 young (36864K), 2 survivors (2048K)
 Metaspace       used 34035K, committed 34496K, reserved 1114112K
  class space    used 4725K, committed 4928K, reserved 1048576K
}
Event: 5.790 GC heap after
{Heap after GC invocations=10 (full 0):
 garbage-first heap   total 103424K, used 49632K [0x0000000080000000, 0x0000000100000000)
  region size 1024K, 5 young (5120K), 5 survivors (5120K)
 Metaspace       used 34035K, committed 34496K, reserved 1114112K
  class space    used 4725K, committed 4928K, reserved 1048576K
}
Event: 5.995 GC heap before
{Heap before GC invocations=10 (full 0):
 garbage-first heap   total 103424K, used 59872K [0x0000000080000000, 0x0000000100000000)
  region size 1024K, 16 young (16384K), 5 survivors (5120K)
 Metaspace       used 35648K, committed 35968K, reserved 1114112K
  class space    used 4961K, committed 5120K, reserved 1048576K
}
Event: 5.997 GC heap after
{Heap after GC invocations=11 (full 0):
 garbage-first heap   total 103424K, used 50052K [0x0000000080000000, 0x0000000100000000)
  region size 1024K, 1 young (1024K), 1 survivors (1024K)
 Metaspace       used 35648K, committed 35968K, reserved 1114112K
  class space    used 4961K, committed 5120K, reserved 1048576K
}
Event: 6.842 GC heap before
{Heap before GC invocations=12 (full 0):
 garbage-first heap   total 103424K, used 80772K [0x0000000080000000, 0x0000000100000000)
  region size 1024K, 32 young (32768K), 1 survivors (1024K)
 Metaspace       used 42464K, committed 42880K, reserved 1114112K
  class space    used 5702K, committed 5888K, reserved 1048576K
}
Event: 6.847 GC heap after
{Heap after GC invocations=13 (full 0):
 garbage-first heap   total 103424K, used 53564K [0x0000000080000000, 0x0000000100000000)
  region size 1024K, 4 young (4096K), 4 survivors (4096K)
 Metaspace       used 42464K, committed 42880K, reserved 1114112K
  class space    used 5702K, committed 5888K, reserved 1048576K
}
Event: 6.862 GC heap before
{Heap before GC invocations=13 (full 0):
 garbage-first heap   total 103424K, used 54588K [0x0000000080000000, 0x0000000100000000)
  region size 1024K, 5 young (5120K), 4 survivors (4096K)
 Metaspace       used 42482K, committed 42880K, reserved 1114112K
  class space    used 5702K, committed 5888K, reserved 1048576K
}
Event: 6.867 GC heap after
{Heap after GC invocations=14 (full 0):
 garbage-first heap   total 103424K, used 52794K [0x0000000080000000, 0x0000000100000000)
  region size 1024K, 1 young (1024K), 1 survivors (1024K)
 Metaspace       used 42482K, committed 42880K, reserved 1114112K
  class space    used 5702K, committed 5888K, reserved 1048576K
}
Event: 7.052 GC heap before
{Heap before GC invocations=14 (full 0):
 garbage-first heap   total 103424K, used 72250K [0x0000000080000000, 0x0000000100000000)
  region size 1024K, 22 young (22528K), 1 survivors (1024K)
 Metaspace       used 42980K, committed 43392K, reserved 1114112K
  class space    used 5750K, committed 5952K, reserved 1048576K
}
Event: 7.054 GC heap after
{Heap after GC invocations=15 (full 0):
 garbage-first heap   total 103424K, used 55934K [0x0000000080000000, 0x0000000100000000)
  region size 1024K, 4 young (4096K), 4 survivors (4096K)
 Metaspace       used 42980K, committed 43392K, reserved 1114112K
  class space    used 5750K, committed 5952K, reserved 1048576K
}
Event: 7.635 GC heap before
{Heap before GC invocations=16 (full 0):
 garbage-first heap   total 106496K, used 85630K [0x0000000080000000, 0x0000000100000000)
  region size 1024K, 29 young (29696K), 4 survivors (4096K)
 Metaspace       used 46481K, committed 46912K, reserved 1114112K
  class space    used 6190K, committed 6400K, reserved 1048576K
}
Event: 7.640 GC heap after
{Heap after GC invocations=17 (full 0):
 garbage-first heap   total 106496K, used 57241K [0x0000000080000000, 0x0000000100000000)
  region size 1024K, 2 young (2048K), 2 survivors (2048K)
 Metaspace       used 46481K, committed 46912K, reserved 1114112K
  class space    used 6190K, committed 6400K, reserved 1048576K
}
Event: 7.992 GC heap before
{Heap before GC invocations=17 (full 0):
 garbage-first heap   total 106496K, used 71577K [0x0000000080000000, 0x0000000100000000)
  region size 1024K, 17 young (17408K), 2 survivors (2048K)
 Metaspace       used 47413K, committed 47936K, reserved 1114112K
  class space    used 6335K, committed 6592K, reserved 1048576K
}
Event: 7.997 GC heap after
{Heap after GC invocations=18 (full 0):
 garbage-first heap   total 106496K, used 59316K [0x0000000080000000, 0x0000000100000000)
  region size 1024K, 4 young (4096K), 4 survivors (4096K)
 Metaspace       used 47413K, committed 47936K, reserved 1114112K
  class space    used 6335K, committed 6592K, reserved 1048576K
}
Event: 8.102 GC heap before
{Heap before GC invocations=19 (full 0):
 garbage-first heap   total 109568K, used 65460K [0x0000000080000000, 0x0000000100000000)
  region size 1024K, 9 young (9216K), 4 survivors (4096K)
 Metaspace       used 47734K, committed 48192K, reserved 1114112K
  class space    used 6359K, committed 6592K, reserved 1048576K
}
Event: 8.105 GC heap after
{Heap after GC invocations=20 (full 0):
 garbage-first heap   total 109568K, used 63986K [0x0000000080000000, 0x0000000100000000)
  region size 1024K, 2 young (2048K), 2 survivors (2048K)
 Metaspace       used 47734K, committed 48192K, reserved 1114112K
  class space    used 6359K, committed 6592K, reserved 1048576K
}
Event: 8.720 GC heap before
{Heap before GC invocations=21 (full 0):
 garbage-first heap   total 112640K, used 88562K [0x0000000080000000, 0x0000000100000000)
  region size 1024K, 24 young (24576K), 2 survivors (2048K)
 Metaspace       used 50199K, committed 50688K, reserved 1114112K
  class space    used 6618K, committed 6848K, reserved 1048576K
}
Event: 8.724 GC heap after
{Heap after GC invocations=22 (full 0):
 garbage-first heap   total 112640K, used 64860K [0x0000000080000000, 0x0000000100000000)
  region size 1024K, 3 young (3072K), 3 survivors (3072K)
 Metaspace       used 50199K, committed 50688K, reserved 1114112K
  class space    used 6618K, committed 6848K, reserved 1048576K
}

