# JRE version: OpenJDK Runtime Environment (17.0.7) (build 17.0.7+0-b2043.56-10550314)
# Java VM: OpenJDK 64-Bit Server VM (17.0.7+0-b2043.56-10550314, mixed mode, tiered, compressed oops, compressed class ptrs, g1 gc, windows-amd64)
GC Precious Log:
 CPUs: 8 total, 8 available
 Memory: 8101M
 Large Page Support: Disabled
 NUMA Support: Disabled
 Compressed Oops: Enabled (32-bit)
 Heap Region Size: 1M
 Heap Min Capacity: 8M
 Heap Initial Capacity: 128M
 Heap Max Capacity: 2G
 Pre-touch: Disabled
 Parallel Workers: 8
 Concurrent Workers: 2
 Concurrent Refinement Workers: 8
 Periodic GC: Disabled
Heap:
 garbage-first heap   total 340992K, used 309053K [0x0000000080000000, 0x0000000100000000)
  region size 1024K, 2 young (2048K), 2 survivors (2048K)
 Metaspace       used 127625K, committed 128512K, reserved 1179648K
  class space    used 17047K, committed 17472K, reserved 1048576K
GC Heap History (20 events):
Event: 16.569 GC heap after
{Heap after GC invocations=58 (full 0):
 garbage-first heap   total 327680K, used 104987K [0x0000000080000000, 0x0000000100000000)
  region size 1024K, 6 young (6144K), 6 survivors (6144K)
 Metaspace       used 98897K, committed 99584K, reserved 1179648K
  class space    used 13723K, committed 14080K, reserved 1048576K
}
Event: 20.777 GC heap before
{Heap before GC invocations=58 (full 0):
 garbage-first heap   total 327680K, used 257563K [0x0000000080000000, 0x0000000100000000)
  region size 1024K, 155 young (158720K), 6 survivors (6144K)
 Metaspace       used 100855K, committed 101568K, reserved 1179648K
  class space    used 13956K, committed 14336K, reserved 1048576K
}
Event: 20.792 GC heap after
{Heap after GC invocations=59 (full 0):
 garbage-first heap   total 327680K, used 117289K [0x0000000080000000, 0x0000000100000000)
  region size 1024K, 18 young (18432K), 18 survivors (18432K)
 Metaspace       used 100855K, committed 101568K, reserved 1179648K
  class space    used 13956K, committed 14336K, reserved 1048576K
}
Event: 23.719 GC heap before
{Heap before GC invocations=59 (full 0):
 garbage-first heap   total 327680K, used 251433K [0x0000000080000000, 0x0000000100000000)
  region size 1024K, 150 young (153600K), 18 survivors (18432K)
 Metaspace       used 101549K, committed 102272K, reserved 1179648K
  class space    used 14018K, committed 14400K, reserved 1048576K
}
Event: 23.735 GC heap after
{Heap after GC invocations=60 (full 0):
 garbage-first heap   total 327680K, used 125023K [0x0000000080000000, 0x0000000100000000)
  region size 1024K, 11 young (11264K), 11 survivors (11264K)
 Metaspace       used 101549K, committed 102272K, reserved 1179648K
  class space    used 14018K, committed 14400K, reserved 1048576K
}
Event: 720.539 GC heap before
{Heap before GC invocations=60 (full 0):
 garbage-first heap   total 327680K, used 257119K [0x0000000080000000, 0x0000000100000000)
  region size 1024K, 141 young (144384K), 11 survivors (11264K)
 Metaspace       used 103079K, committed 103872K, reserved 1179648K
  class space    used 14174K, committed 14592K, reserved 1048576K
}
Event: 720.586 GC heap after
{Heap after GC invocations=61 (full 0):
 garbage-first heap   total 327680K, used 131335K [0x0000000080000000, 0x0000000100000000)
  region size 1024K, 17 young (17408K), 17 survivors (17408K)
 Metaspace       used 103079K, committed 103872K, reserved 1179648K
  class space    used 14174K, committed 14592K, reserved 1048576K
}
Event: 730.736 GC heap before
{Heap before GC invocations=61 (full 0):
 garbage-first heap   total 327680K, used 262407K [0x0000000080000000, 0x0000000100000000)
  region size 1024K, 146 young (149504K), 17 survivors (17408K)
 Metaspace       used 108002K, committed 108864K, reserved 1179648K
  class space    used 14810K, committed 15232K, reserved 1048576K
}
Event: 730.773 GC heap after
{Heap after GC invocations=62 (full 0):
 garbage-first heap   total 327680K, used 141868K [0x0000000080000000, 0x0000000100000000)
  region size 1024K, 19 young (19456K), 19 survivors (19456K)
 Metaspace       used 108002K, committed 108864K, reserved 1179648K
  class space    used 14810K, committed 15232K, reserved 1048576K
}
Event: 737.681 GC heap before
{Heap before GC invocations=62 (full 0):
 garbage-first heap   total 327680K, used 279084K [0x0000000080000000, 0x0000000100000000)
  region size 1024K, 141 young (144384K), 19 survivors (19456K)
 Metaspace       used 120111K, committed 120960K, reserved 1179648K
  class space    used 16091K, committed 16512K, reserved 1048576K
}
Event: 737.729 GC heap after
{Heap after GC invocations=63 (full 0):
 garbage-first heap   total 327680K, used 156953K [0x0000000080000000, 0x0000000100000000)
  region size 1024K, 12 young (12288K), 12 survivors (12288K)
 Metaspace       used 120111K, committed 120960K, reserved 1179648K
  class space    used 16091K, committed 16512K, reserved 1048576K
}
Event: 739.298 GC heap before
{Heap before GC invocations=63 (full 0):
 garbage-first heap   total 327680K, used 270617K [0x0000000080000000, 0x0000000100000000)
  region size 1024K, 120 young (122880K), 12 survivors (12288K)
 Metaspace       used 127479K, committed 128384K, reserved 1179648K
  class space    used 17047K, committed 17472K, reserved 1048576K
}
Event: 739.348 GC heap after
{Heap after GC invocations=64 (full 0):
 garbage-first heap   total 340992K, used 216454K [0x0000000080000000, 0x0000000100000000)
  region size 1024K, 15 young (15360K), 15 survivors (15360K)
 Metaspace       used 127479K, committed 128384K, reserved 1179648K
  class space    used 17047K, committed 17472K, reserved 1048576K
}
Event: 739.535 GC heap before
{Heap before GC invocations=64 (full 0):
 garbage-first heap   total 340992K, used 273798K [0x0000000080000000, 0x0000000100000000)
  region size 1024K, 71 young (72704K), 15 survivors (15360K)
 Metaspace       used 127537K, committed 128448K, reserved 1179648K
  class space    used 17047K, committed 17472K, reserved 1048576K
}
Event: 739.565 GC heap after
{Heap after GC invocations=65 (full 0):
 garbage-first heap   total 340992K, used 265216K [0x0000000080000000, 0x0000000100000000)
  region size 1024K, 9 young (9216K), 9 survivors (9216K)
 Metaspace       used 127537K, committed 128448K, reserved 1179648K
  class space    used 17047K, committed 17472K, reserved 1048576K
}
Event: 739.680 GC heap before
{Heap before GC invocations=65 (full 0):
 garbage-first heap   total 340992K, used 282624K [0x0000000080000000, 0x0000000100000000)
  region size 1024K, 26 young (26624K), 9 survivors (9216K)
 Metaspace       used 127625K, committed 128512K, reserved 1179648K
  class space    used 17047K, committed 17472K, reserved 1048576K
}
Event: 739.691 GC heap after
{Heap after GC invocations=66 (full 0):
 garbage-first heap   total 340992K, used 279040K [0x0000000080000000, 0x0000000100000000)
  region size 1024K, 4 young (4096K), 4 survivors (4096K)
 Metaspace       used 127625K, committed 128512K, reserved 1179648K
  class space    used 17047K, committed 17472K, reserved 1048576K
}
Event: 739.741 GC heap before
{Heap before GC invocations=66 (full 0):
 garbage-first heap   total 340992K, used 291328K [0x0000000080000000, 0x0000000100000000)
  region size 1024K, 16 young (16384K), 4 survivors (4096K)
 Metaspace       used 127625K, committed 128512K, reserved 1179648K
  class space    used 17047K, committed 17472K, reserved 1048576K
}
Event: 739.747 GC heap after
{Heap after GC invocations=67 (full 0):
 garbage-first heap   total 340992K, used 293888K [0x0000000080000000, 0x0000000100000000)
  region size 1024K, 2 young (2048K), 2 survivors (2048K)
 Metaspace       used 127625K, committed 128512K, reserved 1179648K
  class space    used 17047K, committed 17472K, reserved 1048576K
}
Event: 739.788 GC heap before
{Heap before GC invocations=67 (full 0):
 garbage-first heap   total 340992K, used 308224K [0x0000000080000000, 0x0000000100000000)
  region size 1024K, 16 young (16384K), 2 survivors (2048K)
 Metaspace       used 127625K, committed 128512K, reserved 1179648K
  class space    used 17047K, committed 17472K, reserved 1048576K
}

