# JRE version: OpenJDK Runtime Environment (17.0.7) (build 17.0.7+0-b2043.56-10550314)
# Java VM: OpenJDK 64-Bit Server VM (17.0.7+0-b2043.56-10550314, mixed mode, tiered, compressed oops, compressed class ptrs, g1 gc, windows-amd64)
GC Precious Log:
 CPUs: 8 total, 8 available
 Memory: 8101M
 Large Page Support: Disabled
 NUMA Support: Disabled
 Compressed Oops: Enabled (32-bit)
 Heap Region Size: 1M
 Heap Min Capacity: 8M
 Heap Initial Capacity: 128M
 Heap Max Capacity: 2G
 Pre-touch: Disabled
 Parallel Workers: 8
 Concurrent Workers: 2
 Concurrent Refinement Workers: 8
 Periodic GC: Disabled
Heap:
 garbage-first heap   total 132096K, used 73223K [0x0000000080000000, 0x0000000100000000)
  region size 1024K, 3 young (3072K), 3 survivors (3072K)
 Metaspace       used 69052K, committed 69696K, reserved 1114112K
  class space    used 9562K, committed 9856K, reserved 1048576K
GC Heap History (20 events):
Event: 6.264 GC heap after
{Heap after GC invocations=17 (full 0):
 garbage-first heap   total 91136K, used 55729K [0x0000000080000000, 0x0000000100000000)
  region size 1024K, 3 young (3072K), 3 survivors (3072K)
 Metaspace       used 42890K, committed 43264K, reserved 1114112K
  class space    used 5744K, committed 5952K, reserved 1048576K
}
Event: 6.718 GC heap before
{Heap before GC invocations=18 (full 0):
 garbage-first heap   total 106496K, used 77233K [0x0000000080000000, 0x0000000100000000)
  region size 1024K, 20 young (20480K), 3 survivors (3072K)
 Metaspace       used 45489K, committed 45888K, reserved 1114112K
  class space    used 6045K, committed 6272K, reserved 1048576K
}
Event: 6.722 GC heap after
{Heap after GC invocations=19 (full 0):
 garbage-first heap   total 106496K, used 56668K [0x0000000080000000, 0x0000000100000000)
  region size 1024K, 2 young (2048K), 2 survivors (2048K)
 Metaspace       used 45489K, committed 45888K, reserved 1114112K
  class space    used 6045K, committed 6272K, reserved 1048576K
}
Event: 7.211 GC heap before
{Heap before GC invocations=19 (full 0):
 garbage-first heap   total 106496K, used 79196K [0x0000000080000000, 0x0000000100000000)
  region size 1024K, 25 young (25600K), 2 survivors (2048K)
 Metaspace       used 47388K, committed 47872K, reserved 1114112K
  class space    used 6329K, committed 6528K, reserved 1048576K
}
Event: 7.216 GC heap after
{Heap after GC invocations=20 (full 0):
 garbage-first heap   total 106496K, used 59151K [0x0000000080000000, 0x0000000100000000)
  region size 1024K, 4 young (4096K), 4 survivors (4096K)
 Metaspace       used 47388K, committed 47872K, reserved 1114112K
  class space    used 6329K, committed 6528K, reserved 1048576K
}
Event: 7.291 GC heap before
{Heap before GC invocations=21 (full 0):
 garbage-first heap   total 111616K, used 65295K [0x0000000080000000, 0x0000000100000000)
  region size 1024K, 9 young (9216K), 4 survivors (4096K)
 Metaspace       used 47706K, committed 48192K, reserved 1114112K
  class space    used 6353K, committed 6592K, reserved 1048576K
}
Event: 7.295 GC heap after
{Heap after GC invocations=22 (full 0):
 garbage-first heap   total 111616K, used 63762K [0x0000000080000000, 0x0000000100000000)
  region size 1024K, 2 young (2048K), 2 survivors (2048K)
 Metaspace       used 47706K, committed 48192K, reserved 1114112K
  class space    used 6353K, committed 6592K, reserved 1048576K
}
Event: 7.767 GC heap before
{Heap before GC invocations=23 (full 0):
 garbage-first heap   total 114688K, used 88338K [0x0000000080000000, 0x0000000100000000)
  region size 1024K, 24 young (24576K), 2 survivors (2048K)
 Metaspace       used 50161K, committed 50688K, reserved 1114112K
  class space    used 6612K, committed 6848K, reserved 1048576K
}
Event: 7.771 GC heap after
{Heap after GC invocations=24 (full 0):
 garbage-first heap   total 114688K, used 64621K [0x0000000080000000, 0x0000000100000000)
  region size 1024K, 3 young (3072K), 3 survivors (3072K)
 Metaspace       used 50161K, committed 50688K, reserved 1114112K
  class space    used 6612K, committed 6848K, reserved 1048576K
}
Event: 8.170 GC heap before
{Heap before GC invocations=24 (full 0):
 garbage-first heap   total 114688K, used 88173K [0x0000000080000000, 0x0000000100000000)
  region size 1024K, 27 young (27648K), 3 survivors (3072K)
 Metaspace       used 52981K, committed 53632K, reserved 1114112K
  class space    used 7199K, committed 7488K, reserved 1048576K
}
Event: 8.173 GC heap after
{Heap after GC invocations=25 (full 0):
 garbage-first heap   total 114688K, used 65539K [0x0000000080000000, 0x0000000100000000)
  region size 1024K, 3 young (3072K), 3 survivors (3072K)
 Metaspace       used 52981K, committed 53632K, reserved 1114112K
  class space    used 7199K, committed 7488K, reserved 1048576K
}
Event: 8.675 GC heap before
{Heap before GC invocations=26 (full 0):
 garbage-first heap   total 114688K, used 92163K [0x0000000080000000, 0x0000000100000000)
  region size 1024K, 29 young (29696K), 3 survivors (3072K)
 Metaspace       used 56532K, committed 57152K, reserved 1114112K
  class space    used 7971K, committed 8256K, reserved 1048576K
}
Event: 8.679 GC heap after
{Heap after GC invocations=27 (full 0):
 garbage-first heap   total 114688K, used 66418K [0x0000000080000000, 0x0000000100000000)
  region size 1024K, 2 young (2048K), 2 survivors (2048K)
 Metaspace       used 56532K, committed 57152K, reserved 1114112K
  class space    used 7971K, committed 8256K, reserved 1048576K
}
Event: 9.074 GC heap before
{Heap before GC invocations=27 (full 0):
 garbage-first heap   total 114688K, used 93042K [0x0000000080000000, 0x0000000100000000)
  region size 1024K, 28 young (28672K), 2 survivors (2048K)
 Metaspace       used 59682K, committed 60288K, reserved 1114112K
  class space    used 8402K, committed 8640K, reserved 1048576K
}
Event: 9.078 GC heap after
{Heap after GC invocations=28 (full 0):
 garbage-first heap   total 114688K, used 67544K [0x0000000080000000, 0x0000000100000000)
  region size 1024K, 4 young (4096K), 4 survivors (4096K)
 Metaspace       used 59682K, committed 60288K, reserved 1114112K
  class space    used 8402K, committed 8640K, reserved 1048576K
}
Event: 9.439 GC heap before
{Heap before GC invocations=29 (full 0):
 garbage-first heap   total 121856K, used 88024K [0x0000000080000000, 0x0000000100000000)
  region size 1024K, 26 young (26624K), 4 survivors (4096K)
 Metaspace       used 62821K, committed 63488K, reserved 1114112K
  class space    used 8773K, committed 9088K, reserved 1048576K
}
Event: 9.443 GC heap after
{Heap after GC invocations=30 (full 0):
 garbage-first heap   total 121856K, used 68163K [0x0000000080000000, 0x0000000100000000)
  region size 1024K, 3 young (3072K), 3 survivors (3072K)
 Metaspace       used 62821K, committed 63488K, reserved 1114112K
  class space    used 8773K, committed 9088K, reserved 1048576K
}
Event: 9.932 GC heap before
{Heap before GC invocations=31 (full 0):
 garbage-first heap   total 132096K, used 104003K [0x0000000080000000, 0x0000000100000000)
  region size 1024K, 34 young (34816K), 3 survivors (3072K)
 Metaspace       used 67015K, committed 67712K, reserved 1114112K
  class space    used 9316K, committed 9664K, reserved 1048576K
}
Event: 9.935 GC heap after
{Heap after GC invocations=32 (full 0):
 garbage-first heap   total 132096K, used 73050K [0x0000000080000000, 0x0000000100000000)
  region size 1024K, 4 young (4096K), 4 survivors (4096K)
 Metaspace       used 67015K, committed 67712K, reserved 1114112K
  class space    used 9316K, committed 9664K, reserved 1048576K
}
Event: 10.114 GC heap before
{Heap before GC invocations=32 (full 0):
 garbage-first heap   total 132096K, used 84314K [0x0000000080000000, 0x0000000100000000)
  region size 1024K, 16 young (16384K), 4 survivors (4096K)
 Metaspace       used 69052K, committed 69696K, reserved 1114112K
  class space    used 9562K, committed 9856K, reserved 1048576K
}

