# JRE version: OpenJDK Runtime Environment (17.0.7) (build 17.0.7+0-b2043.56-10550314)
# Java VM: OpenJDK 64-Bit Server VM (17.0.7+0-b2043.56-10550314, mixed mode, tiered, compressed oops, compressed class ptrs, g1 gc, windows-amd64)
GC Precious Log:
 CPUs: 8 total, 8 available
 Memory: 8101M
 Large Page Support: Disabled
 NUMA Support: Disabled
 Compressed Oops: Enabled (32-bit)
 Heap Region Size: 1M
 Heap Min Capacity: 8M
 Heap Initial Capacity: 128M
 Heap Max Capacity: 2G
 Pre-touch: Disabled
 Parallel Workers: 8
 Concurrent Workers: 2
 Concurrent Refinement Workers: 8
 Periodic GC: Disabled
Heap:
 garbage-first heap   total 137216K, used 82111K [0x0000000080000000, 0x0000000100000000)
  region size 1024K, 1 young (1024K), 1 survivors (1024K)
 Metaspace       used 78441K, committed 78976K, reserved 1179648K
  class space    used 10554K, committed 10816K, reserved 1048576K
GC Heap History (20 events):
Event: 7.645 GC heap after
{Heap after GC invocations=27 (full 0):
 garbage-first heap   total 132096K, used 62838K [0x0000000080000000, 0x0000000100000000)
  region size 1024K, 1 young (1024K), 1 survivors (1024K)
 Metaspace       used 63662K, committed 64256K, reserved 1114112K
  class space    used 8556K, committed 8832K, reserved 1048576K
}
Event: 7.835 GC heap before
{Heap before GC invocations=27 (full 0):
 garbage-first heap   total 132096K, used 73078K [0x0000000080000000, 0x0000000100000000)
  region size 1024K, 12 young (12288K), 1 survivors (1024K)
 Metaspace       used 65531K, committed 66112K, reserved 1114112K
  class space    used 8779K, committed 9024K, reserved 1048576K
}
Event: 7.837 GC heap after
{Heap after GC invocations=28 (full 0):
 garbage-first heap   total 132096K, used 64137K [0x0000000080000000, 0x0000000100000000)
  region size 1024K, 2 young (2048K), 2 survivors (2048K)
 Metaspace       used 65531K, committed 66112K, reserved 1114112K
  class space    used 8779K, committed 9024K, reserved 1048576K
}
Event: 7.891 GC heap before
{Heap before GC invocations=29 (full 0):
 garbage-first heap   total 132096K, used 76425K [0x0000000080000000, 0x0000000100000000)
  region size 1024K, 11 young (11264K), 2 survivors (2048K)
 Metaspace       used 65534K, committed 66112K, reserved 1114112K
  class space    used 8779K, committed 9024K, reserved 1048576K
}
Event: 7.894 GC heap after
{Heap after GC invocations=30 (full 0):
 garbage-first heap   total 132096K, used 70047K [0x0000000080000000, 0x0000000100000000)
  region size 1024K, 5 young (5120K), 5 survivors (5120K)
 Metaspace       used 65534K, committed 66112K, reserved 1114112K
  class space    used 8779K, committed 9024K, reserved 1048576K
}
Event: 8.156 GC heap before
{Heap before GC invocations=31 (full 0):
 garbage-first heap   total 132096K, used 96671K [0x0000000080000000, 0x0000000100000000)
  region size 1024K, 30 young (30720K), 5 survivors (5120K)
 Metaspace       used 67342K, committed 67904K, reserved 1114112K
  class space    used 9026K, committed 9280K, reserved 1048576K
}
Event: 8.160 GC heap after
{Heap after GC invocations=32 (full 0):
 garbage-first heap   total 132096K, used 67822K [0x0000000080000000, 0x0000000100000000)
  region size 1024K, 3 young (3072K), 3 survivors (3072K)
 Metaspace       used 67342K, committed 67904K, reserved 1114112K
  class space    used 9026K, committed 9280K, reserved 1048576K
}
Event: 8.463 GC heap before
{Heap before GC invocations=32 (full 0):
 garbage-first heap   total 132096K, used 96494K [0x0000000080000000, 0x0000000100000000)
  region size 1024K, 31 young (31744K), 3 survivors (3072K)
 Metaspace       used 69544K, committed 70144K, reserved 1114112K
  class space    used 9316K, committed 9600K, reserved 1048576K
}
Event: 8.466 GC heap after
{Heap after GC invocations=33 (full 0):
 garbage-first heap   total 132096K, used 69180K [0x0000000080000000, 0x0000000100000000)
  region size 1024K, 2 young (2048K), 2 survivors (2048K)
 Metaspace       used 69544K, committed 70144K, reserved 1114112K
  class space    used 9316K, committed 9600K, reserved 1048576K
}
Event: 8.670 GC heap before
{Heap before GC invocations=34 (full 0):
 garbage-first heap   total 132096K, used 82492K [0x0000000080000000, 0x0000000100000000)
  region size 1024K, 16 young (16384K), 2 survivors (2048K)
 Metaspace       used 70774K, committed 71424K, reserved 1114112K
  class space    used 9516K, committed 9792K, reserved 1048576K
}
Event: 8.673 GC heap after
{Heap after GC invocations=35 (full 0):
 garbage-first heap   total 132096K, used 69712K [0x0000000080000000, 0x0000000100000000)
  region size 1024K, 3 young (3072K), 3 survivors (3072K)
 Metaspace       used 70774K, committed 71424K, reserved 1114112K
  class space    used 9516K, committed 9792K, reserved 1048576K
}
Event: 9.083 GC heap before
{Heap before GC invocations=36 (full 0):
 garbage-first heap   total 132096K, used 106576K [0x0000000080000000, 0x0000000100000000)
  region size 1024K, 35 young (35840K), 3 survivors (3072K)
 Metaspace       used 74224K, committed 74816K, reserved 1114112K
  class space    used 9980K, committed 10240K, reserved 1048576K
}
Event: 9.087 GC heap after
{Heap after GC invocations=37 (full 0):
 garbage-first heap   total 132096K, used 75771K [0x0000000080000000, 0x0000000100000000)
  region size 1024K, 4 young (4096K), 4 survivors (4096K)
 Metaspace       used 74224K, committed 74816K, reserved 1114112K
  class space    used 9980K, committed 10240K, reserved 1048576K
}
Event: 9.107 GC heap before
{Heap before GC invocations=37 (full 0):
 garbage-first heap   total 132096K, used 77819K [0x0000000080000000, 0x0000000100000000)
  region size 1024K, 6 young (6144K), 4 survivors (4096K)
 Metaspace       used 74482K, committed 75072K, reserved 1114112K
  class space    used 10019K, committed 10304K, reserved 1048576K
}
Event: 9.111 GC heap after
{Heap after GC invocations=38 (full 0):
 garbage-first heap   total 132096K, used 75868K [0x0000000080000000, 0x0000000100000000)
  region size 1024K, 1 young (1024K), 1 survivors (1024K)
 Metaspace       used 74482K, committed 75072K, reserved 1114112K
  class space    used 10019K, committed 10304K, reserved 1048576K
}
Event: 9.455 GC heap before
{Heap before GC invocations=38 (full 0):
 garbage-first heap   total 132096K, used 105564K [0x0000000080000000, 0x0000000100000000)
  region size 1024K, 30 young (30720K), 1 survivors (1024K)
 Metaspace       used 76967K, committed 77504K, reserved 1179648K
  class space    used 10370K, committed 10624K, reserved 1048576K
}
Event: 9.457 GC heap after
{Heap after GC invocations=39 (full 0):
 garbage-first heap   total 132096K, used 77320K [0x0000000080000000, 0x0000000100000000)
  region size 1024K, 2 young (2048K), 2 survivors (2048K)
 Metaspace       used 76967K, committed 77504K, reserved 1179648K
  class space    used 10370K, committed 10624K, reserved 1048576K
}
Event: 9.831 GC heap before
{Heap before GC invocations=40 (full 0):
 garbage-first heap   total 137216K, used 105992K [0x0000000080000000, 0x0000000100000000)
  region size 1024K, 31 young (31744K), 2 survivors (2048K)
 Metaspace       used 78433K, committed 78976K, reserved 1179648K
  class space    used 10554K, committed 10816K, reserved 1048576K
}
Event: 9.835 GC heap after
{Heap after GC invocations=41 (full 0):
 garbage-first heap   total 137216K, used 81408K [0x0000000080000000, 0x0000000100000000)
  region size 1024K, 4 young (4096K), 4 survivors (4096K)
 Metaspace       used 78433K, committed 78976K, reserved 1179648K
  class space    used 10554K, committed 10816K, reserved 1048576K
}
Event: 9.852 GC heap before
{Heap before GC invocations=41 (full 0):
 garbage-first heap   total 137216K, used 82432K [0x0000000080000000, 0x0000000100000000)
  region size 1024K, 6 young (6144K), 4 survivors (4096K)
 Metaspace       used 78441K, committed 78976K, reserved 1179648K
  class space    used 10554K, committed 10816K, reserved 1048576K
}

