# JRE version: OpenJDK Runtime Environment (17.0.7) (build 17.0.7+0-b2043.56-10550314)
# Java VM: OpenJDK 64-Bit Server VM (17.0.7+0-b2043.56-10550314, mixed mode, tiered, compressed oops, compressed class ptrs, g1 gc, windows-amd64)
GC Precious Log:
 CPUs: 8 total, 8 available
 Memory: 8101M
 Large Page Support: Disabled
 NUMA Support: Disabled
 Compressed Oops: Enabled (32-bit)
 Heap Region Size: 1M
 Heap Min Capacity: 8M
 Heap Initial Capacity: 128M
 Heap Max Capacity: 2026M
 Pre-touch: Disabled
 Parallel Workers: 8
 Concurrent Workers: 2
 Concurrent Refinement Workers: 8
 Periodic GC: Disabled
Heap:
 garbage-first heap   total 101376K, used 59026K [0x0000000081600000, 0x0000000100000000)
  region size 1024K, 20 young (20480K), 4 survivors (4096K)
 Metaspace       used 58502K, committed 58752K, reserved 1114112K
  class space    used 6962K, committed 7104K, reserved 1048576K
GC Heap History (20 events):
Event: 2.392 GC heap before
{Heap before GC invocations=8 (full 0):
 garbage-first heap   total 35840K, used 26455K [0x0000000081600000, 0x0000000100000000)
  region size 1024K, 12 young (12288K), 2 survivors (2048K)
 Metaspace       used 32988K, committed 33152K, reserved 1114112K
  class space    used 4201K, committed 4288K, reserved 1048576K
}
Event: 2.398 GC heap after
{Heap after GC invocations=9 (full 0):
 garbage-first heap   total 43008K, used 17498K [0x0000000081600000, 0x0000000100000000)
  region size 1024K, 2 young (2048K), 2 survivors (2048K)
 Metaspace       used 32988K, committed 33152K, reserved 1114112K
  class space    used 4201K, committed 4288K, reserved 1048576K
}
Event: 2.416 GC heap before
{Heap before GC invocations=9 (full 0):
 garbage-first heap   total 43008K, used 17498K [0x0000000081600000, 0x0000000100000000)
  region size 1024K, 3 young (3072K), 2 survivors (2048K)
 Metaspace       used 33244K, committed 33408K, reserved 1114112K
  class space    used 4225K, committed 4288K, reserved 1048576K
}
Event: 2.423 GC heap after
{Heap after GC invocations=10 (full 0):
 garbage-first heap   total 43008K, used 17578K [0x0000000081600000, 0x0000000100000000)
  region size 1024K, 1 young (1024K), 1 survivors (1024K)
 Metaspace       used 33244K, committed 33408K, reserved 1114112K
  class space    used 4225K, committed 4288K, reserved 1048576K
}
Event: 2.618 GC heap before
{Heap before GC invocations=10 (full 0):
 garbage-first heap   total 43008K, used 29866K [0x0000000081600000, 0x0000000100000000)
  region size 1024K, 14 young (14336K), 1 survivors (1024K)
 Metaspace       used 36044K, committed 36288K, reserved 1114112K
  class space    used 4452K, committed 4544K, reserved 1048576K
}
Event: 2.622 GC heap after
{Heap after GC invocations=11 (full 0):
 garbage-first heap   total 43008K, used 18682K [0x0000000081600000, 0x0000000100000000)
  region size 1024K, 2 young (2048K), 2 survivors (2048K)
 Metaspace       used 36044K, committed 36288K, reserved 1114112K
  class space    used 4452K, committed 4544K, reserved 1048576K
}
Event: 2.946 GC heap before
{Heap before GC invocations=11 (full 0):
 garbage-first heap   total 43008K, used 29946K [0x0000000081600000, 0x0000000100000000)
  region size 1024K, 14 young (14336K), 2 survivors (2048K)
 Metaspace       used 39106K, committed 39296K, reserved 1114112K
  class space    used 4797K, committed 4864K, reserved 1048576K
}
Event: 2.950 GC heap after
{Heap after GC invocations=12 (full 0):
 garbage-first heap   total 43008K, used 19375K [0x0000000081600000, 0x0000000100000000)
  region size 1024K, 1 young (1024K), 1 survivors (1024K)
 Metaspace       used 39106K, committed 39296K, reserved 1114112K
  class space    used 4797K, committed 4864K, reserved 1048576K
}
Event: 3.131 GC heap before
{Heap before GC invocations=12 (full 0):
 garbage-first heap   total 43008K, used 24495K [0x0000000081600000, 0x0000000100000000)
  region size 1024K, 7 young (7168K), 1 survivors (1024K)
 Metaspace       used 40533K, committed 40704K, reserved 1114112K
  class space    used 4965K, committed 5056K, reserved 1048576K
}
Event: 3.135 GC heap after
{Heap after GC invocations=13 (full 0):
 garbage-first heap   total 83968K, used 19870K [0x0000000081600000, 0x0000000100000000)
  region size 1024K, 2 young (2048K), 2 survivors (2048K)
 Metaspace       used 40533K, committed 40704K, reserved 1114112K
  class space    used 4965K, committed 5056K, reserved 1048576K
}
Event: 4.339 GC heap before
{Heap before GC invocations=13 (full 0):
 garbage-first heap   total 83968K, used 62878K [0x0000000081600000, 0x0000000100000000)
  region size 1024K, 42 young (43008K), 2 survivors (2048K)
 Metaspace       used 48100K, committed 48384K, reserved 1114112K
  class space    used 5866K, committed 6016K, reserved 1048576K
}
Event: 4.356 GC heap after
{Heap after GC invocations=14 (full 0):
 garbage-first heap   total 83968K, used 27536K [0x0000000081600000, 0x0000000100000000)
  region size 1024K, 6 young (6144K), 6 survivors (6144K)
 Metaspace       used 48100K, committed 48384K, reserved 1114112K
  class space    used 5866K, committed 6016K, reserved 1048576K
}
Event: 4.906 GC heap before
{Heap before GC invocations=14 (full 0):
 garbage-first heap   total 83968K, used 61328K [0x0000000081600000, 0x0000000100000000)
  region size 1024K, 38 young (38912K), 6 survivors (6144K)
 Metaspace       used 49925K, committed 50176K, reserved 1114112K
  class space    used 6015K, committed 6144K, reserved 1048576K
}
Event: 4.920 GC heap after
{Heap after GC invocations=15 (full 0):
 garbage-first heap   total 83968K, used 31064K [0x0000000081600000, 0x0000000100000000)
  region size 1024K, 4 young (4096K), 4 survivors (4096K)
 Metaspace       used 49925K, committed 50176K, reserved 1114112K
  class space    used 6015K, committed 6144K, reserved 1048576K
}
Event: 5.404 GC heap before
{Heap before GC invocations=15 (full 0):
 garbage-first heap   total 83968K, used 54616K [0x0000000081600000, 0x0000000100000000)
  region size 1024K, 28 young (28672K), 4 survivors (4096K)
 Metaspace       used 52171K, committed 52416K, reserved 1114112K
  class space    used 6288K, committed 6400K, reserved 1048576K
}
Event: 5.414 GC heap after
{Heap after GC invocations=16 (full 0):
 garbage-first heap   total 83968K, used 33586K [0x0000000081600000, 0x0000000100000000)
  region size 1024K, 2 young (2048K), 2 survivors (2048K)
 Metaspace       used 52171K, committed 52416K, reserved 1114112K
  class space    used 6288K, committed 6400K, reserved 1048576K
}
Event: 6.268 GC heap before
{Heap before GC invocations=17 (full 0):
 garbage-first heap   total 83968K, used 65330K [0x0000000081600000, 0x0000000100000000)
  region size 1024K, 33 young (33792K), 2 survivors (2048K)
 Metaspace       used 53181K, committed 53440K, reserved 1114112K
  class space    used 6345K, committed 6464K, reserved 1048576K
}
Event: 6.287 GC heap after
{Heap after GC invocations=18 (full 0):
 garbage-first heap   total 83968K, used 39189K [0x0000000081600000, 0x0000000100000000)
  region size 1024K, 5 young (5120K), 5 survivors (5120K)
 Metaspace       used 53181K, committed 53440K, reserved 1114112K
  class space    used 6345K, committed 6464K, reserved 1048576K
}
Event: 6.995 GC heap before
{Heap before GC invocations=18 (full 0):
 garbage-first heap   total 83968K, used 62741K [0x0000000081600000, 0x0000000100000000)
  region size 1024K, 29 young (29696K), 5 survivors (5120K)
 Metaspace       used 55806K, committed 56064K, reserved 1114112K
  class space    used 6715K, committed 6848K, reserved 1048576K
}
Event: 7.020 GC heap after
{Heap after GC invocations=19 (full 0):
 garbage-first heap   total 101376K, used 43666K [0x0000000081600000, 0x0000000100000000)
  region size 1024K, 4 young (4096K), 4 survivors (4096K)
 Metaspace       used 55806K, committed 56064K, reserved 1114112K
  class space    used 6715K, committed 6848K, reserved 1048576K
}

