# JRE version: OpenJDK Runtime Environment (17.0.7) (build 17.0.7+0-b2043.56-10550314)
# Java VM: OpenJDK 64-Bit Server VM (17.0.7+0-b2043.56-10550314, mixed mode, tiered, compressed oops, compressed class ptrs, g1 gc, windows-amd64)
GC Precious Log:
 CPUs: 8 total, 8 available
 Memory: 8101M
 Large Page Support: Disabled
 NUMA Support: Disabled
 Compressed Oops: Enabled (32-bit)
 Heap Region Size: 1M
 Heap Min Capacity: 8M
 Heap Initial Capacity: 128M
 Heap Max Capacity: 2G
 Pre-touch: Disabled
 Parallel Workers: 8
 Concurrent Workers: 2
 Concurrent Refinement Workers: 8
 Periodic GC: Disabled
Heap:
 garbage-first heap   total 158720K, used 88927K [0x0000000080000000, 0x0000000100000000)
  region size 1024K, 3 young (3072K), 3 survivors (3072K)
 Metaspace       used 90123K, committed 90816K, reserved 1179648K
  class space    used 12439K, committed 12800K, reserved 1048576K
GC Heap History (20 events):
Event: 8.895 GC heap after
{Heap after GC invocations=28 (full 0):
 garbage-first heap   total 132096K, used 67119K [0x0000000080000000, 0x0000000100000000)
  region size 1024K, 4 young (4096K), 4 survivors (4096K)
 Metaspace       used 66579K, committed 67136K, reserved 1114112K
  class space    used 8925K, committed 9216K, reserved 1048576K
}
Event: 8.910 GC heap before
{Heap before GC invocations=28 (full 0):
 garbage-first heap   total 132096K, used 68143K [0x0000000080000000, 0x0000000100000000)
  region size 1024K, 6 young (6144K), 4 survivors (4096K)
 Metaspace       used 66705K, committed 67264K, reserved 1114112K
  class space    used 8939K, committed 9216K, reserved 1048576K
}
Event: 8.912 GC heap after
{Heap after GC invocations=29 (full 0):
 garbage-first heap   total 158720K, used 67280K [0x0000000080000000, 0x0000000100000000)
  region size 1024K, 1 young (1024K), 1 survivors (1024K)
 Metaspace       used 66705K, committed 67264K, reserved 1114112K
  class space    used 8939K, committed 9216K, reserved 1048576K
}
Event: 9.460 GC heap before
{Heap before GC invocations=29 (full 0):
 garbage-first heap   total 158720K, used 112336K [0x0000000080000000, 0x0000000100000000)
  region size 1024K, 45 young (46080K), 1 survivors (1024K)
 Metaspace       used 70235K, committed 70720K, reserved 1114112K
  class space    used 9432K, committed 9664K, reserved 1048576K
}
Event: 9.462 GC heap after
{Heap after GC invocations=30 (full 0):
 garbage-first heap   total 158720K, used 69248K [0x0000000080000000, 0x0000000100000000)
  region size 1024K, 3 young (3072K), 3 survivors (3072K)
 Metaspace       used 70235K, committed 70720K, reserved 1114112K
  class space    used 9432K, committed 9664K, reserved 1048576K
}
Event: 10.152 GC heap before
{Heap before GC invocations=30 (full 0):
 garbage-first heap   total 158720K, used 120448K [0x0000000080000000, 0x0000000100000000)
  region size 1024K, 49 young (50176K), 3 survivors (3072K)
 Metaspace       used 75213K, committed 75776K, reserved 1114112K
  class space    used 10122K, committed 10368K, reserved 1048576K
}
Event: 10.156 GC heap after
{Heap after GC invocations=31 (full 0):
 garbage-first heap   total 158720K, used 76272K [0x0000000080000000, 0x0000000100000000)
  region size 1024K, 6 young (6144K), 6 survivors (6144K)
 Metaspace       used 75213K, committed 75776K, reserved 1114112K
  class space    used 10122K, committed 10368K, reserved 1048576K
}
Event: 10.700 GC heap before
{Heap before GC invocations=31 (full 0):
 garbage-first heap   total 158720K, used 120304K [0x0000000080000000, 0x0000000100000000)
  region size 1024K, 49 young (50176K), 6 survivors (6144K)
 Metaspace       used 78305K, committed 78976K, reserved 1179648K
  class space    used 10533K, committed 10880K, reserved 1048576K
}
Event: 10.708 GC heap after
{Heap after GC invocations=32 (full 0):
 garbage-first heap   total 158720K, used 79430K [0x0000000080000000, 0x0000000100000000)
  region size 1024K, 6 young (6144K), 6 survivors (6144K)
 Metaspace       used 78305K, committed 78976K, reserved 1179648K
  class space    used 10533K, committed 10880K, reserved 1048576K
}
Event: 11.310 GC heap before
{Heap before GC invocations=33 (full 0):
 garbage-first heap   total 158720K, used 123462K [0x0000000080000000, 0x0000000100000000)
  region size 1024K, 50 young (51200K), 6 survivors (6144K)
 Metaspace       used 80119K, committed 80768K, reserved 1179648K
  class space    used 10792K, committed 11136K, reserved 1048576K
}
Event: 11.317 GC heap after
{Heap after GC invocations=34 (full 0):
 garbage-first heap   total 158720K, used 83704K [0x0000000080000000, 0x0000000100000000)
  region size 1024K, 7 young (7168K), 7 survivors (7168K)
 Metaspace       used 80119K, committed 80768K, reserved 1179648K
  class space    used 10792K, committed 11136K, reserved 1048576K
}
Event: 11.327 GC heap before
{Heap before GC invocations=34 (full 0):
 garbage-first heap   total 158720K, used 84728K [0x0000000080000000, 0x0000000100000000)
  region size 1024K, 8 young (8192K), 7 survivors (7168K)
 Metaspace       used 80208K, committed 80832K, reserved 1179648K
  class space    used 10803K, committed 11136K, reserved 1048576K
}
Event: 11.332 GC heap after
{Heap after GC invocations=35 (full 0):
 garbage-first heap   total 158720K, used 84269K [0x0000000080000000, 0x0000000100000000)
  region size 1024K, 1 young (1024K), 1 survivors (1024K)
 Metaspace       used 80208K, committed 80832K, reserved 1179648K
  class space    used 10803K, committed 11136K, reserved 1048576K
}
Event: 11.960 GC heap before
{Heap before GC invocations=35 (full 0):
 garbage-first heap   total 158720K, used 127277K [0x0000000080000000, 0x0000000100000000)
  region size 1024K, 42 young (43008K), 1 survivors (1024K)
 Metaspace       used 83431K, committed 84096K, reserved 1179648K
  class space    used 11424K, committed 11776K, reserved 1048576K
}
Event: 11.963 GC heap after
{Heap after GC invocations=36 (full 0):
 garbage-first heap   total 158720K, used 84767K [0x0000000080000000, 0x0000000100000000)
  region size 1024K, 2 young (2048K), 2 survivors (2048K)
 Metaspace       used 83431K, committed 84096K, reserved 1179648K
  class space    used 11424K, committed 11776K, reserved 1048576K
}
Event: 12.508 GC heap before
{Heap before GC invocations=37 (full 0):
 garbage-first heap   total 158720K, used 127775K [0x0000000080000000, 0x0000000100000000)
  region size 1024K, 44 young (45056K), 2 survivors (2048K)
 Metaspace       used 86591K, committed 87232K, reserved 1179648K
  class space    used 11905K, committed 12224K, reserved 1048576K
}
Event: 12.512 GC heap after
{Heap after GC invocations=38 (full 0):
 garbage-first heap   total 158720K, used 86886K [0x0000000080000000, 0x0000000100000000)
  region size 1024K, 4 young (4096K), 4 survivors (4096K)
 Metaspace       used 86591K, committed 87232K, reserved 1179648K
  class space    used 11905K, committed 12224K, reserved 1048576K
}
Event: 12.549 GC heap before
{Heap before GC invocations=38 (full 0):
 garbage-first heap   total 158720K, used 89958K [0x0000000080000000, 0x0000000100000000)
  region size 1024K, 7 young (7168K), 4 survivors (4096K)
 Metaspace       used 86773K, committed 87488K, reserved 1179648K
  class space    used 11930K, committed 12288K, reserved 1048576K
}
Event: 12.553 GC heap after
{Heap after GC invocations=39 (full 0):
 garbage-first heap   total 158720K, used 86842K [0x0000000080000000, 0x0000000100000000)
  region size 1024K, 1 young (1024K), 1 survivors (1024K)
 Metaspace       used 86773K, committed 87488K, reserved 1179648K
  class space    used 11930K, committed 12288K, reserved 1048576K
}
Event: 13.094 GC heap before
{Heap before GC invocations=39 (full 0):
 garbage-first heap   total 158720K, used 128826K [0x0000000080000000, 0x0000000100000000)
  region size 1024K, 42 young (43008K), 1 survivors (1024K)
 Metaspace       used 90123K, committed 90816K, reserved 1179648K
  class space    used 12439K, committed 12800K, reserved 1048576K
}

